<?xml version="1.0" encoding="UTF-8"?>
<!-- Generated by org.testng.reporters.JUnitReportReporter -->
<testsuite skipped="0" hostname="DESKTOP-FFCP13B" name="com.qa.testcases.ManageBookingsTest" tests="3" failures="0" timestamp="05 Jun 2019 08:18:06 GMT" time="42.557" errors="0">
  <testcase name="enterLocation" time="12.763" classname="com.qa.testcases.ManageBookingsTest"/>
  <testcase name="verifyTitleTest" time="3.365" classname="com.qa.testcases.ManageBookingsTest"/>
  <testcase name="BookingSeats" time="26.429" classname="com.qa.testcases.ManageBookingsTest"/>
</testsuite> <!-- com.qa.testcases.ManageBookingsTest -->
