<?xml version="1.0" encoding="UTF-8"?>
<!-- Generated by org.testng.reporters.JUnitReportReporter -->
<testsuite skipped="0" hostname="DESKTOP-FFCP13B" name="com.qa.testcases.ManageBookingsTest" tests="3" failures="0" timestamp="27 May 2019 17:14:20 GMT" time="38.823" errors="0">
  <testcase name="enterLocation" time="10.870" classname="com.qa.testcases.ManageBookingsTest"/>
  <testcase name="verifyTitleTest" time="3.147" classname="com.qa.testcases.ManageBookingsTest"/>
  <testcase name="BookingSeats" time="24.806" classname="com.qa.testcases.ManageBookingsTest"/>
</testsuite> <!-- com.qa.testcases.ManageBookingsTest -->
