<?xml version="1.0" encoding="UTF-8"?>
<!-- Generated by org.testng.reporters.JUnitReportReporter -->
<testsuite skipped="1" hostname="DESKTOP-FFCP13B" name="com.qa.testcases.HomePageTest" tests="2" failures="0" timestamp="26 May 2019 08:58:26 GMT" time="32.062" errors="0">
  <testcase name="TripDetails" time="32.062" classname="com.qa.testcases.HomePageTest"/>
  <testcase name="PageTitle" classname="com.qa.testcases.HomePageTest">
    <skipped/>
  </testcase> <!-- PageTitle -->
</testsuite> <!-- com.qa.testcases.HomePageTest -->
